<?xml version='1.0' encoding='utf-8'?>
<testsuite name="lunaos-fullregression" tests="7" failures="0" errors="0" skipped="0" time="53.550" timestamp="2026-04-10T02:12:33.012486+00:00">
  <testcase name="build" classname="lunaos.vm" time="22.596">
    <properties />
    <system-out>log: C:\Users\AI\lunaos\artifacts\lunaos\fullregression_steps\build.log</system-out>
  </testcase>
  <testcase name="bootcheck" classname="lunaos.vm" time="4.792">
    <properties />
    <system-out>log: C:\Users\AI\lunaos\artifacts\lunaos\fullregression_steps\bootcheck.log</system-out>
  </testcase>
  <testcase name="shellcheck" classname="lunaos.vm" time="2.783">
    <properties />
    <system-out>log: C:\Users\AI\lunaos\artifacts\lunaos\fullregression_steps\shellcheck.log</system-out>
  </testcase>
  <testcase name="desktopcheck" classname="lunaos.vm" time="2.861">
    <properties />
    <system-out>log: C:\Users\AI\lunaos\artifacts\lunaos\fullregression_steps\desktopcheck.log</system-out>
  </testcase>
  <testcase name="uefi-bootcheck" classname="lunaos.vm" time="6.268">
    <properties />
    <system-out>log: C:\Users\AI\lunaos\artifacts\lunaos\fullregression_steps\uefi-bootcheck.log</system-out>
  </testcase>
  <testcase name="uefi-shellcheck" classname="lunaos.vm" time="4.251">
    <properties />
    <system-out>log: C:\Users\AI\lunaos\artifacts\lunaos\fullregression_steps\uefi-shellcheck.log</system-out>
  </testcase>
  <testcase name="uefi-stabilitycheck" classname="lunaos.vm" time="9.991">
    <properties />
    <system-out>log: C:\Users\AI\lunaos\artifacts\lunaos\fullregression_steps\uefi-stabilitycheck.log</system-out>
  </testcase>
</testsuite>